<?xml version="1.0" encoding="UTF-8"?>
<!-- Generated by org.testng.reporters.JUnitReportReporter -->
<testsuite hostname="WIN-L0OMRS4L2JF" failures="0" tests="2" name="learntesting.AssertionsDemo" time="11.295" errors="0" timestamp="2021-09-06T14:57:24 IST" skipped="0">
  <testcase classname="learntesting.AssertionsDemo" name="checkurl" time="7.755"/>
  <system-out/>
  <testcase classname="learntesting.AssertionsDemo" name="checkLogo" time="3.540"/>
  <system-out/>
</testsuite> <!-- learntesting.AssertionsDemo -->
