<?xml version="1.0" encoding="UTF-8"?>
<!-- Generated by org.testng.reporters.JUnitReportReporter -->
<testsuite hostname="WIN-L0OMRS4L2JF" failures="0" tests="1" name="learntesting.GridDemo" time="8.458" errors="0" timestamp="2021-09-07T11:35:38 IST" skipped="0">
  <testcase classname="learntesting.GridDemo" name="testLogin" time="8.458"/>
  <system-out/>
</testsuite> <!-- learntesting.GridDemo -->
